# Log de erros/avisos do parser Markdown

[2025-10-03 17:35:42] Fonte: C:\GitHub_Rafa\Streaming_POD_Rafael_Sofia\config\Exemplo Entrada - 1.md
WARNINGS:
 - Episódio inválido em 'Rolling in the Deep': ''. Usando 0.
 - Playlist 'Estudos' referencia usuário inexistente 'Beatriz'.
 - Playlist 'Chill' referencia usuário inexistente 'Beatriz'.
ERRORS:
 - Música sem título; ignorada. | Registro: {'nome': 'Beatriz', 'playlists': ['Estudos', 'Chill']}
 - Playlist sem nome; ignorada. | Registro: {'titulo': 'História da Música', 'temporada': 'CulturaSonora', 'episodio': '7', 'host': 'Pedro Almeida', 'duracao': '1500'}
[2025-10-03 17:35:42] Fonte: C:\GitHub_Rafa\Streaming_POD_Rafael_Sofia\config\Exemplo Entrada - 2.md
WARNINGS:
 - Duração inválida para música 'Shape of You': '-240'. Ignorada (strict=False).
 - Episódio inválido em 'Fur Elise': ''. Usando 0.
 - Episódio inválido em 'Inteligência Artificial Hoje': 'quinze'. Usando 0.
 - Playlist 'Relax' tem itens repetidos: ['Shape of You']. Mantendo uma ocorrência de cada.
 - Playlist 'Chill' referencia usuário inexistente 'João'.
ERRORS:
 - Música sem título; ignorada. | Registro: {'nome': 'Ana', 'playlists': ['Chill']}
 - Playlist sem nome; ignorada. | Registro: {'titulo': 'Cinema em Debate', 'temporada': 'CineCast', 'episodio': '42', 'host': 'João Oliveira', 'duracao': '0'}
[2025-10-03 17:45:24] Fonte: C:\GitHub_Rafa\Streaming_POD_Rafael_Sofia\config\Exemplo Entrada - 1.md
WARNINGS:
 - Episódio inválido em 'Rolling in the Deep': ''. Usando 0.
 - Playlist 'Estudos' referencia usuário inexistente 'Beatriz'.
 - Playlist 'Chill' referencia usuário inexistente 'Beatriz'.
ERRORS:
 - Música sem título; ignorada. | Registro: {'nome': 'Beatriz', 'playlists': ['Estudos', 'Chill']}
 - Playlist sem nome; ignorada. | Registro: {'titulo': 'História da Música', 'temporada': 'CulturaSonora', 'episodio': '7', 'host': 'Pedro Almeida', 'duracao': '1500'}
[2025-10-03 17:45:24] Fonte: C:\GitHub_Rafa\Streaming_POD_Rafael_Sofia\config\Exemplo Entrada - 2.md
WARNINGS:
 - Duração inválida para música 'Shape of You': '-240'. Ignorada (strict=False).
 - Episódio inválido em 'Fur Elise': ''. Usando 0.
 - Episódio inválido em 'Inteligência Artificial Hoje': 'quinze'. Usando 0.
 - Playlist 'Relax' tem itens repetidos: ['Shape of You']. Mantendo uma ocorrência de cada.
 - Playlist 'Chill' referencia usuário inexistente 'João'.
ERRORS:
 - Música sem título; ignorada. | Registro: {'nome': 'Ana', 'playlists': ['Chill']}
 - Playlist sem nome; ignorada. | Registro: {'titulo': 'Cinema em Debate', 'temporada': 'CineCast', 'episodio': '42', 'host': 'João Oliveira', 'duracao': '0'}
[2025-10-03 17:45:29] Fonte: C:\GitHub_Rafa\Streaming_POD_Rafael_Sofia\config\Exemplo Entrada - 1.md
WARNINGS:
 - Episódio inválido em 'Rolling in the Deep': ''. Usando 0.
 - Playlist 'Estudos' referencia usuário inexistente 'Beatriz'.
 - Playlist 'Chill' referencia usuário inexistente 'Beatriz'.
ERRORS:
 - Música sem título; ignorada. | Registro: {'nome': 'Beatriz', 'playlists': ['Estudos', 'Chill']}
 - Playlist sem nome; ignorada. | Registro: {'titulo': 'História da Música', 'temporada': 'CulturaSonora', 'episodio': '7', 'host': 'Pedro Almeida', 'duracao': '1500'}
[2025-10-03 17:45:29] Fonte: C:\GitHub_Rafa\Streaming_POD_Rafael_Sofia\config\Exemplo Entrada - 2.md
WARNINGS:
 - Duração inválida para música 'Shape of You': '-240'. Ignorada (strict=False).
 - Episódio inválido em 'Fur Elise': ''. Usando 0.
 - Episódio inválido em 'Inteligência Artificial Hoje': 'quinze'. Usando 0.
 - Playlist 'Relax' tem itens repetidos: ['Shape of You']. Mantendo uma ocorrência de cada.
 - Playlist 'Chill' referencia usuário inexistente 'João'.
ERRORS:
 - Música sem título; ignorada. | Registro: {'nome': 'Ana', 'playlists': ['Chill']}
 - Playlist sem nome; ignorada. | Registro: {'titulo': 'Cinema em Debate', 'temporada': 'CineCast', 'episodio': '42', 'host': 'João Oliveira', 'duracao': '0'}
[2025-10-03 17:45:30] Fonte: C:\GitHub_Rafa\Streaming_POD_Rafael_Sofia\config\Exemplo Entrada - 1.md
WARNINGS:
 - Episódio inválido em 'Rolling in the Deep': ''. Usando 0.
 - Playlist 'Estudos' referencia usuário inexistente 'Beatriz'.
 - Playlist 'Chill' referencia usuário inexistente 'Beatriz'.
ERRORS:
 - Música sem título; ignorada. | Registro: {'nome': 'Beatriz', 'playlists': ['Estudos', 'Chill']}
 - Playlist sem nome; ignorada. | Registro: {'titulo': 'História da Música', 'temporada': 'CulturaSonora', 'episodio': '7', 'host': 'Pedro Almeida', 'duracao': '1500'}
[2025-10-03 17:45:30] Fonte: C:\GitHub_Rafa\Streaming_POD_Rafael_Sofia\config\Exemplo Entrada - 2.md
WARNINGS:
 - Duração inválida para música 'Shape of You': '-240'. Ignorada (strict=False).
 - Episódio inválido em 'Fur Elise': ''. Usando 0.
 - Episódio inválido em 'Inteligência Artificial Hoje': 'quinze'. Usando 0.
 - Playlist 'Relax' tem itens repetidos: ['Shape of You']. Mantendo uma ocorrência de cada.
 - Playlist 'Chill' referencia usuário inexistente 'João'.
ERRORS:
 - Música sem título; ignorada. | Registro: {'nome': 'Ana', 'playlists': ['Chill']}
 - Playlist sem nome; ignorada. | Registro: {'titulo': 'Cinema em Debate', 'temporada': 'CineCast', 'episodio': '42', 'host': 'João Oliveira', 'duracao': '0'}
[2025-10-03 17:45:31] Fonte: C:\GitHub_Rafa\Streaming_POD_Rafael_Sofia\config\Exemplo Entrada - 1.md
WARNINGS:
 - Episódio inválido em 'Rolling in the Deep': ''. Usando 0.
 - Playlist 'Estudos' referencia usuário inexistente 'Beatriz'.
 - Playlist 'Chill' referencia usuário inexistente 'Beatriz'.
ERRORS:
 - Música sem título; ignorada. | Registro: {'nome': 'Beatriz', 'playlists': ['Estudos', 'Chill']}
 - Playlist sem nome; ignorada. | Registro: {'titulo': 'História da Música', 'temporada': 'CulturaSonora', 'episodio': '7', 'host': 'Pedro Almeida', 'duracao': '1500'}
[2025-10-03 17:45:31] Fonte: C:\GitHub_Rafa\Streaming_POD_Rafael_Sofia\config\Exemplo Entrada - 2.md
WARNINGS:
 - Duração inválida para música 'Shape of You': '-240'. Ignorada (strict=False).
 - Episódio inválido em 'Fur Elise': ''. Usando 0.
 - Episódio inválido em 'Inteligência Artificial Hoje': 'quinze'. Usando 0.
 - Playlist 'Relax' tem itens repetidos: ['Shape of You']. Mantendo uma ocorrência de cada.
 - Playlist 'Chill' referencia usuário inexistente 'João'.
ERRORS:
 - Música sem título; ignorada. | Registro: {'nome': 'Ana', 'playlists': ['Chill']}
 - Playlist sem nome; ignorada. | Registro: {'titulo': 'Cinema em Debate', 'temporada': 'CineCast', 'episodio': '42', 'host': 'João Oliveira', 'duracao': '0'}
[2025-10-03 17:45:31] Fonte: C:\GitHub_Rafa\Streaming_POD_Rafael_Sofia\config\Exemplo Entrada - 1.md
WARNINGS:
 - Episódio inválido em 'Rolling in the Deep': ''. Usando 0.
 - Playlist 'Estudos' referencia usuário inexistente 'Beatriz'.
 - Playlist 'Chill' referencia usuário inexistente 'Beatriz'.
ERRORS:
 - Música sem título; ignorada. | Registro: {'nome': 'Beatriz', 'playlists': ['Estudos', 'Chill']}
 - Playlist sem nome; ignorada. | Registro: {'titulo': 'História da Música', 'temporada': 'CulturaSonora', 'episodio': '7', 'host': 'Pedro Almeida', 'duracao': '1500'}
[2025-10-03 17:45:31] Fonte: C:\GitHub_Rafa\Streaming_POD_Rafael_Sofia\config\Exemplo Entrada - 2.md
WARNINGS:
 - Duração inválida para música 'Shape of You': '-240'. Ignorada (strict=False).
 - Episódio inválido em 'Fur Elise': ''. Usando 0.
 - Episódio inválido em 'Inteligência Artificial Hoje': 'quinze'. Usando 0.
 - Playlist 'Relax' tem itens repetidos: ['Shape of You']. Mantendo uma ocorrência de cada.
 - Playlist 'Chill' referencia usuário inexistente 'João'.
ERRORS:
 - Música sem título; ignorada. | Registro: {'nome': 'Ana', 'playlists': ['Chill']}
 - Playlist sem nome; ignorada. | Registro: {'titulo': 'Cinema em Debate', 'temporada': 'CineCast', 'episodio': '42', 'host': 'João Oliveira', 'duracao': '0'}
[2025-10-03 17:45:32] Fonte: C:\GitHub_Rafa\Streaming_POD_Rafael_Sofia\config\Exemplo Entrada - 1.md
WARNINGS:
 - Episódio inválido em 'Rolling in the Deep': ''. Usando 0.
 - Playlist 'Estudos' referencia usuário inexistente 'Beatriz'.
 - Playlist 'Chill' referencia usuário inexistente 'Beatriz'.
ERRORS:
 - Música sem título; ignorada. | Registro: {'nome': 'Beatriz', 'playlists': ['Estudos', 'Chill']}
 - Playlist sem nome; ignorada. | Registro: {'titulo': 'História da Música', 'temporada': 'CulturaSonora', 'episodio': '7', 'host': 'Pedro Almeida', 'duracao': '1500'}
[2025-10-03 17:45:32] Fonte: C:\GitHub_Rafa\Streaming_POD_Rafael_Sofia\config\Exemplo Entrada - 2.md
WARNINGS:
 - Duração inválida para música 'Shape of You': '-240'. Ignorada (strict=False).
 - Episódio inválido em 'Fur Elise': ''. Usando 0.
 - Episódio inválido em 'Inteligência Artificial Hoje': 'quinze'. Usando 0.
 - Playlist 'Relax' tem itens repetidos: ['Shape of You']. Mantendo uma ocorrência de cada.
 - Playlist 'Chill' referencia usuário inexistente 'João'.
ERRORS:
 - Música sem título; ignorada. | Registro: {'nome': 'Ana', 'playlists': ['Chill']}
 - Playlist sem nome; ignorada. | Registro: {'titulo': 'Cinema em Debate', 'temporada': 'CineCast', 'episodio': '42', 'host': 'João Oliveira', 'duracao': '0'}
[2025-10-03 17:45:33] Fonte: C:\GitHub_Rafa\Streaming_POD_Rafael_Sofia\config\Exemplo Entrada - 1.md
WARNINGS:
 - Episódio inválido em 'Rolling in the Deep': ''. Usando 0.
 - Playlist 'Estudos' referencia usuário inexistente 'Beatriz'.
 - Playlist 'Chill' referencia usuário inexistente 'Beatriz'.
ERRORS:
 - Música sem título; ignorada. | Registro: {'nome': 'Beatriz', 'playlists': ['Estudos', 'Chill']}
 - Playlist sem nome; ignorada. | Registro: {'titulo': 'História da Música', 'temporada': 'CulturaSonora', 'episodio': '7', 'host': 'Pedro Almeida', 'duracao': '1500'}
[2025-10-03 17:45:33] Fonte: C:\GitHub_Rafa\Streaming_POD_Rafael_Sofia\config\Exemplo Entrada - 2.md
WARNINGS:
 - Duração inválida para música 'Shape of You': '-240'. Ignorada (strict=False).
 - Episódio inválido em 'Fur Elise': ''. Usando 0.
 - Episódio inválido em 'Inteligência Artificial Hoje': 'quinze'. Usando 0.
 - Playlist 'Relax' tem itens repetidos: ['Shape of You']. Mantendo uma ocorrência de cada.
 - Playlist 'Chill' referencia usuário inexistente 'João'.
ERRORS:
 - Música sem título; ignorada. | Registro: {'nome': 'Ana', 'playlists': ['Chill']}
 - Playlist sem nome; ignorada. | Registro: {'titulo': 'Cinema em Debate', 'temporada': 'CineCast', 'episodio': '42', 'host': 'João Oliveira', 'duracao': '0'}
[2025-10-03 17:45:33] Fonte: C:\GitHub_Rafa\Streaming_POD_Rafael_Sofia\config\Exemplo Entrada - 1.md
WARNINGS:
 - Episódio inválido em 'Rolling in the Deep': ''. Usando 0.
 - Playlist 'Estudos' referencia usuário inexistente 'Beatriz'.
 - Playlist 'Chill' referencia usuário inexistente 'Beatriz'.
ERRORS:
 - Música sem título; ignorada. | Registro: {'nome': 'Beatriz', 'playlists': ['Estudos', 'Chill']}
 - Playlist sem nome; ignorada. | Registro: {'titulo': 'História da Música', 'temporada': 'CulturaSonora', 'episodio': '7', 'host': 'Pedro Almeida', 'duracao': '1500'}
[2025-10-03 17:45:33] Fonte: C:\GitHub_Rafa\Streaming_POD_Rafael_Sofia\config\Exemplo Entrada - 2.md
WARNINGS:
 - Duração inválida para música 'Shape of You': '-240'. Ignorada (strict=False).
 - Episódio inválido em 'Fur Elise': ''. Usando 0.
 - Episódio inválido em 'Inteligência Artificial Hoje': 'quinze'. Usando 0.
 - Playlist 'Relax' tem itens repetidos: ['Shape of You']. Mantendo uma ocorrência de cada.
 - Playlist 'Chill' referencia usuário inexistente 'João'.
ERRORS:
 - Música sem título; ignorada. | Registro: {'nome': 'Ana', 'playlists': ['Chill']}
 - Playlist sem nome; ignorada. | Registro: {'titulo': 'Cinema em Debate', 'temporada': 'CineCast', 'episodio': '42', 'host': 'João Oliveira', 'duracao': '0'}
[2025-10-03 17:48:16] Fonte: C:\GitHub_Rafa\Streaming_POD_Rafael_Sofia\config\Exemplo Entrada - 1.md
WARNINGS:
 - Episódio inválido em 'Rolling in the Deep': ''. Usando 0.
 - Playlist 'Estudos' referencia usuário inexistente 'Beatriz'.
 - Playlist 'Chill' referencia usuário inexistente 'Beatriz'.
ERRORS:
 - Música sem título; ignorada. | Registro: {'nome': 'Beatriz', 'playlists': ['Estudos', 'Chill']}
 - Playlist sem nome; ignorada. | Registro: {'titulo': 'História da Música', 'temporada': 'CulturaSonora', 'episodio': '7', 'host': 'Pedro Almeida', 'duracao': '1500'}
[2025-10-03 17:48:16] Fonte: C:\GitHub_Rafa\Streaming_POD_Rafael_Sofia\config\Exemplo Entrada - 2.md
WARNINGS:
 - Duração inválida para música 'Shape of You': '-240'. Ignorada (strict=False).
 - Episódio inválido em 'Fur Elise': ''. Usando 0.
 - Episódio inválido em 'Inteligência Artificial Hoje': 'quinze'. Usando 0.
 - Playlist 'Relax' tem itens repetidos: ['Shape of You']. Mantendo uma ocorrência de cada.
 - Playlist 'Chill' referencia usuário inexistente 'João'.
ERRORS:
 - Música sem título; ignorada. | Registro: {'nome': 'Ana', 'playlists': ['Chill']}
 - Playlist sem nome; ignorada. | Registro: {'titulo': 'Cinema em Debate', 'temporada': 'CineCast', 'episodio': '42', 'host': 'João Oliveira', 'duracao': '0'}
[2025-10-03 18:02:06] Fonte: C:\GitHub_Rafa\Streaming_POD_Rafael_Sofia\config\Exemplo Entrada - 1.md
WARNINGS:
 - Episódio inválido em 'Rolling in the Deep': ''. Usando 0.
 - Playlist 'Estudos' referencia usuário inexistente 'Beatriz'.
 - Playlist 'Chill' referencia usuário inexistente 'Beatriz'.
ERRORS:
 - Música sem título; ignorada. | Registro: {'nome': 'Beatriz', 'playlists': ['Estudos', 'Chill']}
 - Playlist sem nome; ignorada. | Registro: {'titulo': 'História da Música', 'temporada': 'CulturaSonora', 'episodio': '7', 'host': 'Pedro Almeida', 'duracao': '1500'}
[2025-10-03 18:02:06] Fonte: C:\GitHub_Rafa\Streaming_POD_Rafael_Sofia\config\Exemplo Entrada - 2.md
WARNINGS:
 - Duração inválida para música 'Shape of You': '-240'. Ignorada (strict=False).
 - Episódio inválido em 'Fur Elise': ''. Usando 0.
 - Episódio inválido em 'Inteligência Artificial Hoje': 'quinze'. Usando 0.
 - Playlist 'Relax' tem itens repetidos: ['Shape of You']. Mantendo uma ocorrência de cada.
 - Playlist 'Chill' referencia usuário inexistente 'João'.
ERRORS:
 - Música sem título; ignorada. | Registro: {'nome': 'Ana', 'playlists': ['Chill']}
 - Playlist sem nome; ignorada. | Registro: {'titulo': 'Cinema em Debate', 'temporada': 'CineCast', 'episodio': '42', 'host': 'João Oliveira', 'duracao': '0'}
[2025-10-03 18:03:13] Fonte: C:\GitHub_Rafa\Streaming_POD_Rafael_Sofia\config\Exemplo Entrada - 1.md
WARNINGS:
 - Episódio inválido em 'Rolling in the Deep': ''. Usando 0.
 - Playlist 'Estudos' referencia usuário inexistente 'Beatriz'.
 - Playlist 'Chill' referencia usuário inexistente 'Beatriz'.
ERRORS:
 - Música sem título; ignorada. | Registro: {'nome': 'Beatriz', 'playlists': ['Estudos', 'Chill']}
 - Playlist sem nome; ignorada. | Registro: {'titulo': 'História da Música', 'temporada': 'CulturaSonora', 'episodio': '7', 'host': 'Pedro Almeida', 'duracao': '1500'}
[2025-10-03 18:03:13] Fonte: C:\GitHub_Rafa\Streaming_POD_Rafael_Sofia\config\Exemplo Entrada - 2.md
WARNINGS:
 - Duração inválida para música 'Shape of You': '-240'. Ignorada (strict=False).
 - Episódio inválido em 'Fur Elise': ''. Usando 0.
 - Episódio inválido em 'Inteligência Artificial Hoje': 'quinze'. Usando 0.
 - Playlist 'Relax' tem itens repetidos: ['Shape of You']. Mantendo uma ocorrência de cada.
 - Playlist 'Chill' referencia usuário inexistente 'João'.
ERRORS:
 - Música sem título; ignorada. | Registro: {'nome': 'Ana', 'playlists': ['Chill']}
 - Playlist sem nome; ignorada. | Registro: {'titulo': 'Cinema em Debate', 'temporada': 'CineCast', 'episodio': '42', 'host': 'João Oliveira', 'duracao': '0'}
[2025-10-03 18:39:27] Fonte: C:\GitHub_Rafa\Streaming_POD_Rafael_Sofia\config\Exemplo Entrada - 1.md
WARNINGS:
 - Episódio inválido em 'Rolling in the Deep': ''. Usando 0.
 - Playlist 'Estudos' referencia usuário inexistente 'Beatriz'.
 - Playlist 'Chill' referencia usuário inexistente 'Beatriz'.
ERRORS:
 - Música sem título; ignorada. | Registro: {'nome': 'Beatriz', 'playlists': ['Estudos', 'Chill']}
 - Playlist sem nome; ignorada. | Registro: {'titulo': 'História da Música', 'temporada': 'CulturaSonora', 'episodio': '7', 'host': 'Pedro Almeida', 'duracao': '1500'}
[2025-10-03 18:39:27] Fonte: C:\GitHub_Rafa\Streaming_POD_Rafael_Sofia\config\Exemplo Entrada - 2.md
WARNINGS:
 - Duração inválida para música 'Shape of You': '-240'. Ignorada (strict=False).
 - Episódio inválido em 'Fur Elise': ''. Usando 0.
 - Episódio inválido em 'Inteligência Artificial Hoje': 'quinze'. Usando 0.
 - Playlist 'Relax' tem itens repetidos: ['Shape of You']. Mantendo uma ocorrência de cada.
 - Playlist 'Chill' referencia usuário inexistente 'João'.
ERRORS:
 - Música sem título; ignorada. | Registro: {'nome': 'Ana', 'playlists': ['Chill']}
 - Playlist sem nome; ignorada. | Registro: {'titulo': 'Cinema em Debate', 'temporada': 'CineCast', 'episodio': '42', 'host': 'João Oliveira', 'duracao': '0'}
[2025-10-03 18:41:34] Fonte: C:\GitHub_Rafa\Streaming_POD_Rafael_Sofia\config\Exemplo Entrada - 1.md
WARNINGS:
 - Episódio inválido em 'Rolling in the Deep': ''. Usando 0.
 - Playlist 'Estudos' referencia usuário inexistente 'Beatriz'.
 - Playlist 'Chill' referencia usuário inexistente 'Beatriz'.
ERRORS:
 - Música sem título; ignorada. | Registro: {'nome': 'Beatriz', 'playlists': ['Estudos', 'Chill']}
 - Playlist sem nome; ignorada. | Registro: {'titulo': 'História da Música', 'temporada': 'CulturaSonora', 'episodio': '7', 'host': 'Pedro Almeida', 'duracao': '1500'}
[2025-10-03 18:41:34] Fonte: C:\GitHub_Rafa\Streaming_POD_Rafael_Sofia\config\Exemplo Entrada - 2.md
WARNINGS:
 - Duração inválida para música 'Shape of You': '-240'. Ignorada (strict=False).
 - Episódio inválido em 'Fur Elise': ''. Usando 0.
 - Episódio inválido em 'Inteligência Artificial Hoje': 'quinze'. Usando 0.
 - Playlist 'Relax' tem itens repetidos: ['Shape of You']. Mantendo uma ocorrência de cada.
 - Playlist 'Chill' referencia usuário inexistente 'João'.
ERRORS:
 - Música sem título; ignorada. | Registro: {'nome': 'Ana', 'playlists': ['Chill']}
 - Playlist sem nome; ignorada. | Registro: {'titulo': 'Cinema em Debate', 'temporada': 'CineCast', 'episodio': '42', 'host': 'João Oliveira', 'duracao': '0'}
[2025-10-03 19:24:37] Fonte: C:\GitHub_Rafa\Streaming_POD_Rafael_Sofia\config\Exemplo Entrada - 1.md
WARNINGS:
 - Episódio inválido em 'Rolling in the Deep': ''. Usando 0.
 - Playlist 'Estudos' referencia usuário inexistente 'Beatriz'.
 - Playlist 'Chill' referencia usuário inexistente 'Beatriz'.
ERRORS:
 - Música sem título; ignorada. | Registro: {'nome': 'Beatriz', 'playlists': ['Estudos', 'Chill']}
 - Playlist sem nome; ignorada. | Registro: {'titulo': 'História da Música', 'temporada': 'CulturaSonora', 'episodio': '7', 'host': 'Pedro Almeida', 'duracao': '1500'}
[2025-10-03 19:35:21] Fonte: C:\GitHub_Rafa\Streaming_POD_Rafael_Sofia\config\Exemplo Entrada - 1.md
WARNINGS:
 - Episódio inválido em 'Rolling in the Deep': ''. Usando 0.
 - Playlist 'Favoritas' sem usuário definido no objeto; tentando o nome do MD se disponível.
 - Playlist 'Treino' sem usuário definido no objeto; tentando o nome do MD se disponível.
 - Playlist 'Relax' sem usuário definido no objeto; tentando o nome do MD se disponível.
 - Playlist 'Estudos' sem usuário definido no objeto; tentando o nome do MD se disponível.
 - Playlist 'Chill' sem usuário definido no objeto; tentando o nome do MD se disponível.
ERRORS:
 - Música sem título; ignorada. | Registro: {'nome': 'Beatriz', 'playlists': ['Estudos', 'Chill']}
 - Playlist sem nome; ignorada. | Registro: {'titulo': 'História da Música', 'temporada': 'CulturaSonora', 'episodio': '7', 'host': 'Pedro Almeida', 'duracao': '1500'}
[2025-10-03 19:35:21] Fonte: C:\GitHub_Rafa\Streaming_POD_Rafael_Sofia\config\Exemplo Entrada - 2.md
WARNINGS:
 - Duração inválida para música 'Shape of You': '-240'. Ignorada (strict=False).
 - Episódio inválido em 'Fur Elise': ''. Usando 0.
 - Episódio inválido em 'Inteligência Artificial Hoje': 'quinze'. Usando 0.
 - Playlist 'Relax' tem itens repetidos: ['Shape of You']. Mantendo uma ocorrência de cada.
 - Playlist 'Favoritas' sem usuário definido no objeto; tentando o nome do MD se disponível.
 - Playlist 'Treino' sem usuário definido no objeto; tentando o nome do MD se disponível.
 - Playlist 'Relax' sem usuário definido no objeto; tentando o nome do MD se disponível.
 - Playlist 'Chill' sem usuário definido no objeto; tentando o nome do MD se disponível.
ERRORS:
 - Música sem título; ignorada. | Registro: {'nome': 'Ana', 'playlists': ['Chill']}
 - Playlist sem nome; ignorada. | Registro: {'titulo': 'Cinema em Debate', 'temporada': 'CineCast', 'episodio': '42', 'host': 'João Oliveira', 'duracao': '0'}
[2025-10-03 19:37:47] Fonte: C:\GitHub_Rafa\Streaming_POD_Rafael_Sofia\config\Exemplo Entrada - 1.md
WARNINGS:
 - Episódio inválido em 'Rolling in the Deep': ''. Usando 0.
 - Playlist 'Favoritas' referencia usuário inexistente 'Usuário não informado'.
 - Playlist 'Treino' referencia usuário inexistente 'Usuário não informado'.
 - Playlist 'Relax' referencia usuário inexistente 'Usuário não informado'.
 - Playlist 'Estudos' referencia usuário inexistente 'Usuário não informado'.
 - Playlist 'Chill' referencia usuário inexistente 'Usuário não informado'.
ERRORS:
 - Música sem título; ignorada. | Registro: {'nome': 'Beatriz', 'playlists': ['Estudos', 'Chill']}
 - Playlist sem nome; ignorada. | Registro: {'titulo': 'História da Música', 'temporada': 'CulturaSonora', 'episodio': '7', 'host': 'Pedro Almeida', 'duracao': '1500'}
[2025-10-03 19:54:43] Fonte: C:\GitHub_Rafa\Streaming_POD_Rafael_Sofia\config\Exemplo Entrada - 1.md
WARNINGS:
 - Episódio inválido em 'Rolling in the Deep': ''. Usando 0.
 - Playlist 'Favoritas' referencia usuário inexistente 'Usuário não informado'.
 - Playlist 'Treino' referencia usuário inexistente 'Usuário não informado'.
 - Playlist 'Relax' referencia usuário inexistente 'Usuário não informado'.
 - Playlist 'Estudos' referencia usuário inexistente 'Usuário não informado'.
 - Playlist 'Chill' referencia usuário inexistente 'Usuário não informado'.
ERRORS:
 - Música sem título; ignorada. | Registro: {'nome': 'Beatriz', 'playlists': ['Estudos', 'Chill']}
 - Playlist sem nome; ignorada. | Registro: {'titulo': 'História da Música', 'temporada': 'CulturaSonora', 'episodio': '7', 'host': 'Pedro Almeida', 'duracao': '1500'}
[2025-10-03 19:54:43] Fonte: C:\GitHub_Rafa\Streaming_POD_Rafael_Sofia\config\Exemplo Entrada - 2.md
WARNINGS:
 - Duração inválida para música 'Shape of You': '-240'. Ignorada (strict=False).
 - Episódio inválido em 'Fur Elise': ''. Usando 0.
 - Episódio inválido em 'Inteligência Artificial Hoje': 'quinze'. Usando 0.
 - Playlist 'Relax' tem itens repetidos: ['Shape of You']. Mantendo uma ocorrência de cada.
 - Playlist 'Favoritas' referencia usuário inexistente 'Usuário não informado'.
 - Playlist 'Treino' referencia usuário inexistente 'Usuário não informado'.
 - Playlist 'Relax' referencia usuário inexistente 'Usuário não informado'.
 - Playlist 'Chill' referencia usuário inexistente 'Usuário não informado'.
ERRORS:
 - Música sem título; ignorada. | Registro: {'nome': 'Ana', 'playlists': ['Chill']}
 - Playlist sem nome; ignorada. | Registro: {'titulo': 'Cinema em Debate', 'temporada': 'CineCast', 'episodio': '42', 'host': 'João Oliveira', 'duracao': '0'}
[2025-10-03 19:58:43] Fonte: C:\GitHub_Rafa\Streaming_POD_Rafael_Sofia\config\Exemplo Entrada - 1.md
WARNINGS:
 - Episódio inválido em 'Rolling in the Deep': ''. Usando 0.
 - Playlist 'Favoritas' referencia usuário inexistente 'Usuário não informado'.
 - Playlist 'Treino' referencia usuário inexistente 'Usuário não informado'.
 - Playlist 'Relax' referencia usuário inexistente 'Usuário não informado'.
 - Playlist 'Estudos' referencia usuário inexistente 'Usuário não informado'.
 - Playlist 'Chill' referencia usuário inexistente 'Usuário não informado'.
ERRORS:
 - Música sem título; ignorada. | Registro: {'nome': 'Beatriz', 'playlists': ['Estudos', 'Chill']}
 - Playlist sem nome; ignorada. | Registro: {'titulo': 'História da Música', 'temporada': 'CulturaSonora', 'episodio': '7', 'host': 'Pedro Almeida', 'duracao': '1500'}
[2025-10-03 19:58:43] Fonte: C:\GitHub_Rafa\Streaming_POD_Rafael_Sofia\config\Exemplo Entrada - 2.md
WARNINGS:
 - Duração inválida para música 'Shape of You': '-240'. Ignorada (strict=False).
 - Episódio inválido em 'Fur Elise': ''. Usando 0.
 - Episódio inválido em 'Inteligência Artificial Hoje': 'quinze'. Usando 0.
 - Playlist 'Relax' tem itens repetidos: ['Shape of You']. Mantendo uma ocorrência de cada.
 - Playlist 'Favoritas' referencia usuário inexistente 'Usuário não informado'.
 - Playlist 'Treino' referencia usuário inexistente 'Usuário não informado'.
 - Playlist 'Relax' referencia usuário inexistente 'Usuário não informado'.
 - Playlist 'Chill' referencia usuário inexistente 'Usuário não informado'.
ERRORS:
 - Música sem título; ignorada. | Registro: {'nome': 'Ana', 'playlists': ['Chill']}
 - Playlist sem nome; ignorada. | Registro: {'titulo': 'Cinema em Debate', 'temporada': 'CineCast', 'episodio': '42', 'host': 'João Oliveira', 'duracao': '0'}
[2025-10-03 20:06:24] Fonte: C:\GitHub_Rafa\Streaming_POD_Rafael_Sofia\config\Exemplo Entrada - 1.md
WARNINGS:
 - Episódio inválido em 'Rolling in the Deep': ''. Usando 0.
 - Playlist 'Favoritas' referencia usuário inexistente 'Usuário não informado'.
 - Playlist 'Treino' referencia usuário inexistente 'Usuário não informado'.
 - Playlist 'Relax' referencia usuário inexistente 'Usuário não informado'.
 - Playlist 'Estudos' referencia usuário inexistente 'Usuário não informado'.
 - Playlist 'Chill' referencia usuário inexistente 'Usuário não informado'.
ERRORS:
 - Música sem título; ignorada. | Registro: {'nome': 'Beatriz', 'playlists': ['Estudos', 'Chill']}
 - Playlist sem nome; ignorada. | Registro: {'titulo': 'História da Música', 'temporada': 'CulturaSonora', 'episodio': '7', 'host': 'Pedro Almeida', 'duracao': '1500'}
[2025-10-03 20:06:24] Fonte: C:\GitHub_Rafa\Streaming_POD_Rafael_Sofia\config\Exemplo Entrada - 2.md
WARNINGS:
 - Duração inválida para música 'Shape of You': '-240'. Ignorada (strict=False).
 - Episódio inválido em 'Fur Elise': ''. Usando 0.
 - Episódio inválido em 'Inteligência Artificial Hoje': 'quinze'. Usando 0.
 - Playlist 'Relax' tem itens repetidos: ['Shape of You']. Mantendo uma ocorrência de cada.
 - Playlist 'Favoritas' referencia usuário inexistente 'Usuário não informado'.
 - Playlist 'Treino' referencia usuário inexistente 'Usuário não informado'.
 - Playlist 'Relax' referencia usuário inexistente 'Usuário não informado'.
 - Playlist 'Chill' referencia usuário inexistente 'Usuário não informado'.
ERRORS:
 - Música sem título; ignorada. | Registro: {'nome': 'Ana', 'playlists': ['Chill']}
 - Playlist sem nome; ignorada. | Registro: {'titulo': 'Cinema em Debate', 'temporada': 'CineCast', 'episodio': '42', 'host': 'João Oliveira', 'duracao': '0'}
[2025-10-03 20:15:21] Fonte: C:\GitHub_Rafa\Streaming_POD_Rafael_Sofia\config\Exemplo Entrada - 1.md
WARNINGS:
 - Episódio inválido em 'Rolling in the Deep': ''. Usando 0.
 - Playlist 'Favoritas' referencia usuário inexistente 'Não informado'.
 - Playlist 'Treino' referencia usuário inexistente 'Não informado'.
 - Playlist 'Relax' referencia usuário inexistente 'Não informado'.
 - Playlist 'Estudos' referencia usuário inexistente 'Não informado'.
 - Playlist 'Chill' referencia usuário inexistente 'Não informado'.
ERRORS:
 - Música sem título; ignorada. | Registro: {'nome': 'Beatriz', 'playlists': ['Estudos', 'Chill']}
 - Playlist sem nome; ignorada. | Registro: {'titulo': 'História da Música', 'temporada': 'CulturaSonora', 'episodio': '7', 'host': 'Pedro Almeida', 'duracao': '1500'}
[2025-10-03 20:15:21] Fonte: C:\GitHub_Rafa\Streaming_POD_Rafael_Sofia\config\Exemplo Entrada - 2.md
WARNINGS:
 - Duração inválida para música 'Shape of You': '-240'. Ignorada (strict=False).
 - Episódio inválido em 'Fur Elise': ''. Usando 0.
 - Episódio inválido em 'Inteligência Artificial Hoje': 'quinze'. Usando 0.
 - Playlist 'Relax' tem itens repetidos: ['Shape of You']. Mantendo uma ocorrência de cada.
 - Playlist 'Favoritas' referencia usuário inexistente 'Não informado'.
 - Playlist 'Treino' referencia usuário inexistente 'Não informado'.
 - Playlist 'Relax' referencia usuário inexistente 'Não informado'.
 - Playlist 'Chill' referencia usuário inexistente 'Não informado'.
ERRORS:
 - Música sem título; ignorada. | Registro: {'nome': 'Ana', 'playlists': ['Chill']}
 - Playlist sem nome; ignorada. | Registro: {'titulo': 'Cinema em Debate', 'temporada': 'CineCast', 'episodio': '42', 'host': 'João Oliveira', 'duracao': '0'}
[2025-10-03 20:21:21] Fonte: C:\GitHub_Rafa\Streaming_POD_Rafael_Sofia\config\Exemplo Entrada - 1.md
WARNINGS:
 - Episódio inválido em 'Rolling in the Deep': ''. Usando 0.
 - Playlist 'Favoritas' referencia usuário inexistente 'Não informado'.
 - Playlist 'Treino' referencia usuário inexistente 'Não informado'.
 - Playlist 'Relax' referencia usuário inexistente 'Não informado'.
 - Playlist 'Estudos' referencia usuário inexistente 'Não informado'.
 - Playlist 'Chill' referencia usuário inexistente 'Não informado'.
ERRORS:
 - Música sem título; ignorada. | Registro: {'nome': 'Beatriz', 'playlists': ['Estudos', 'Chill']}
 - Playlist sem nome; ignorada. | Registro: {'titulo': 'História da Música', 'temporada': 'CulturaSonora', 'episodio': '7', 'host': 'Pedro Almeida', 'duracao': '1500'}
[2025-10-03 20:21:21] Fonte: C:\GitHub_Rafa\Streaming_POD_Rafael_Sofia\config\Exemplo Entrada - 2.md
WARNINGS:
 - Duração inválida para música 'Shape of You': '-240'. Ignorada (strict=False).
 - Episódio inválido em 'Fur Elise': ''. Usando 0.
 - Episódio inválido em 'Inteligência Artificial Hoje': 'quinze'. Usando 0.
 - Playlist 'Relax' tem itens repetidos: ['Shape of You']. Mantendo uma ocorrência de cada.
 - Playlist 'Favoritas' referencia usuário inexistente 'Não informado'.
 - Playlist 'Treino' referencia usuário inexistente 'Não informado'.
 - Playlist 'Relax' referencia usuário inexistente 'Não informado'.
 - Playlist 'Chill' referencia usuário inexistente 'Não informado'.
ERRORS:
 - Música sem título; ignorada. | Registro: {'nome': 'Ana', 'playlists': ['Chill']}
 - Playlist sem nome; ignorada. | Registro: {'titulo': 'Cinema em Debate', 'temporada': 'CineCast', 'episodio': '42', 'host': 'João Oliveira', 'duracao': '0'}
[2025-10-03 20:22:37] Fonte: C:\GitHub_Rafa\Streaming_POD_Rafael_Sofia\config\Exemplo Entrada - 1.md
WARNINGS:
 - Episódio inválido em 'Rolling in the Deep': ''. Usando 0.
 - Playlist 'Favoritas' referencia usuário inexistente 'Não informado'.
 - Playlist 'Treino' referencia usuário inexistente 'Não informado'.
 - Playlist 'Relax' referencia usuário inexistente 'Não informado'.
 - Playlist 'Estudos' referencia usuário inexistente 'Não informado'.
 - Playlist 'Chill' referencia usuário inexistente 'Não informado'.
ERRORS:
 - Música sem título; ignorada. | Registro: {'nome': 'Beatriz', 'playlists': ['Estudos', 'Chill']}
 - Playlist sem nome; ignorada. | Registro: {'titulo': 'História da Música', 'temporada': 'CulturaSonora', 'episodio': '7', 'host': 'Pedro Almeida', 'duracao': '1500'}
[2025-10-03 20:22:37] Fonte: C:\GitHub_Rafa\Streaming_POD_Rafael_Sofia\config\Exemplo Entrada - 2.md
WARNINGS:
 - Duração inválida para música 'Shape of You': '-240'. Ignorada (strict=False).
 - Episódio inválido em 'Fur Elise': ''. Usando 0.
 - Episódio inválido em 'Inteligência Artificial Hoje': 'quinze'. Usando 0.
 - Playlist 'Relax' tem itens repetidos: ['Shape of You']. Mantendo uma ocorrência de cada.
 - Playlist 'Favoritas' referencia usuário inexistente 'Não informado'.
 - Playlist 'Treino' referencia usuário inexistente 'Não informado'.
 - Playlist 'Relax' referencia usuário inexistente 'Não informado'.
 - Playlist 'Chill' referencia usuário inexistente 'Não informado'.
ERRORS:
 - Música sem título; ignorada. | Registro: {'nome': 'Ana', 'playlists': ['Chill']}
 - Playlist sem nome; ignorada. | Registro: {'titulo': 'Cinema em Debate', 'temporada': 'CineCast', 'episodio': '42', 'host': 'João Oliveira', 'duracao': '0'}
[2025-10-03 20:59:18] Fonte: C:\GitHub_Rafa\Streaming_POD_Rafael_Sofia\config\Exemplo Entrada - 1.md
WARNINGS:
 - Episódio inválido em 'Rolling in the Deep': ''. Usando 0.
ERRORS:
 - Música sem título; ignorada. | Registro: {'nome': 'Beatriz', 'playlists': ['Estudos', 'Chill']}
 - Playlist sem nome; ignorada. | Registro: {'titulo': 'História da Música', 'temporada': 'CulturaSonora', 'episodio': '7', 'host': 'Pedro Almeida', 'duracao': '1500'}
 - Playlist sem dono; ignorada. | Registro: {'nome': 'Favoritas', 'usuario': 'Ana', 'itens': ['Bohemian Rhapsody', 'Shape of You', 'Lose Yourself']}
 - Playlist sem dono; ignorada. | Registro: {'nome': 'Treino', 'usuario': 'Ana', 'itens': ['Lose Yourself', 'Rolling in the Deep']}
 - Playlist sem dono; ignorada. | Registro: {'nome': 'Relax', 'usuario': 'Carlos', 'itens': ['Fur Elise', 'Inteligência Artificial Hoje']}
 - Playlist sem dono; ignorada. | Registro: {'nome': 'Estudos', 'usuario': 'Beatriz', 'itens': ['História da Música', 'Fur Elise']}
 - Playlist sem dono; ignorada. | Registro: {'nome': 'Chill', 'usuario': 'Beatriz', 'itens': ['Rolling in the Deep', 'Cinema em Debate']}
[2025-10-03 20:59:18] Fonte: C:\GitHub_Rafa\Streaming_POD_Rafael_Sofia\config\Exemplo Entrada - 2.md
WARNINGS:
 - Duração inválida para música 'Shape of You': '-240'. Ignorada (strict=False).
 - Episódio inválido em 'Fur Elise': ''. Usando 0.
 - Episódio inválido em 'Inteligência Artificial Hoje': 'quinze'. Usando 0.
ERRORS:
 - Música sem título; ignorada. | Registro: {'nome': 'Ana', 'playlists': ['Chill']}
 - Playlist sem nome; ignorada. | Registro: {'titulo': 'Cinema em Debate', 'temporada': 'CineCast', 'episodio': '42', 'host': 'João Oliveira', 'duracao': '0'}
 - Playlist sem dono; ignorada. | Registro: {'nome': 'Favoritas', 'usuario': 'Ana', 'itens': ['Bohemian Rhapsody', 'Shape of You', 'Música Inexistente']}
 - Playlist sem dono; ignorada. | Registro: {'nome': 'Treino', 'usuario': 'Ana', 'itens': ['Lose Yourself', 'Rolling in the Deep']}
 - Playlist sem dono; ignorada. | Registro: {'nome': 'Relax', 'usuario': 'Carlos', 'itens': ['Fur Elise', 'Inteligência Artificial Hoje', 'Shape of You', 'Shape of You']}
 - Playlist sem dono; ignorada. | Registro: {'nome': 'Chill', 'usuario': 'João', 'itens': ['Bohemian Rhapsody']}
[2025-10-03 21:00:32] Fonte: C:\GitHub_Rafa\Streaming_POD_Rafael_Sofia\config\Exemplo Entrada - 1.md
WARNINGS:
 - Episódio inválido em 'Rolling in the Deep': ''. Usando 0.
 - Playlist 'Favoritas' referencia usuário inexistente 'Não informado'.
 - Playlist 'Treino' referencia usuário inexistente 'Não informado'.
 - Playlist 'Relax' referencia usuário inexistente 'Não informado'.
 - Playlist 'Estudos' referencia usuário inexistente 'Não informado'.
 - Playlist 'Chill' referencia usuário inexistente 'Não informado'.
ERRORS:
 - Música sem título; ignorada. | Registro: {'nome': 'Beatriz', 'playlists': ['Estudos', 'Chill']}
 - Playlist sem nome; ignorada. | Registro: {'titulo': 'História da Música', 'temporada': 'CulturaSonora', 'episodio': '7', 'host': 'Pedro Almeida', 'duracao': '1500'}
[2025-10-03 21:00:32] Fonte: C:\GitHub_Rafa\Streaming_POD_Rafael_Sofia\config\Exemplo Entrada - 2.md
WARNINGS:
 - Duração inválida para música 'Shape of You': '-240'. Ignorada (strict=False).
 - Episódio inválido em 'Fur Elise': ''. Usando 0.
 - Episódio inválido em 'Inteligência Artificial Hoje': 'quinze'. Usando 0.
 - Playlist 'Relax' tem itens repetidos: ['Shape of You']. Mantendo uma ocorrência de cada.
 - Playlist 'Favoritas' referencia usuário inexistente 'Não informado'.
 - Playlist 'Treino' referencia usuário inexistente 'Não informado'.
 - Playlist 'Relax' referencia usuário inexistente 'Não informado'.
 - Playlist 'Chill' referencia usuário inexistente 'Não informado'.
ERRORS:
 - Música sem título; ignorada. | Registro: {'nome': 'Ana', 'playlists': ['Chill']}
 - Playlist sem nome; ignorada. | Registro: {'titulo': 'Cinema em Debate', 'temporada': 'CineCast', 'episodio': '42', 'host': 'João Oliveira', 'duracao': '0'}
[2025-10-06 09:42:27] Fonte: C:\Git_hub\Streaming_POD_Rafael_Sofia\config\Exemplo Entrada - 1.md
WARNINGS:
 - Episódio inválido em 'Rolling in the Deep': ''. Usando 0.
 - Playlist 'Favoritas' referencia usuário inexistente 'Não informado'.
 - Playlist 'Treino' referencia usuário inexistente 'Não informado'.
 - Playlist 'Relax' referencia usuário inexistente 'Não informado'.
 - Playlist 'Estudos' referencia usuário inexistente 'Não informado'.
 - Playlist 'Chill' referencia usuário inexistente 'Não informado'.
ERRORS:
 - Música sem título; ignorada. | Registro: {'nome': 'Beatriz', 'playlists': ['Estudos', 'Chill']}
 - Playlist sem nome; ignorada. | Registro: {'titulo': 'História da Música', 'temporada': 'CulturaSonora', 'episodio': '7', 'host': 'Pedro Almeida', 'duracao': '1500'}
[2025-10-06 09:42:27] Fonte: C:\Git_hub\Streaming_POD_Rafael_Sofia\config\Exemplo Entrada - 2.md
WARNINGS:
 - Duração inválida para música 'Shape of You': '-240'. Ignorada (strict=False).
 - Episódio inválido em 'Fur Elise': ''. Usando 0.
 - Episódio inválido em 'Inteligência Artificial Hoje': 'quinze'. Usando 0.
 - Playlist 'Relax' tem itens repetidos: ['Shape of You']. Mantendo uma ocorrência de cada.
 - Playlist 'Favoritas' referencia usuário inexistente 'Não informado'.
 - Playlist 'Treino' referencia usuário inexistente 'Não informado'.
 - Playlist 'Relax' referencia usuário inexistente 'Não informado'.
 - Playlist 'Chill' referencia usuário inexistente 'Não informado'.
ERRORS:
 - Música sem título; ignorada. | Registro: {'nome': 'Ana', 'playlists': ['Chill']}
 - Playlist sem nome; ignorada. | Registro: {'titulo': 'Cinema em Debate', 'temporada': 'CineCast', 'episodio': '42', 'host': 'João Oliveira', 'duracao': '0'}
[2025-10-06 09:52:13] Fonte: C:\Git_hub\Streaming_POD_Rafael_Sofia\config\Exemplo Entrada - 1.md
WARNINGS:
 - Episódio inválido em 'Rolling in the Deep': ''. Usando 0.
 - Playlist 'Favoritas' referencia usuário inexistente 'Não informado'.
 - Playlist 'Treino' referencia usuário inexistente 'Não informado'.
 - Playlist 'Relax' referencia usuário inexistente 'Não informado'.
 - Playlist 'Estudos' referencia usuário inexistente 'Não informado'.
 - Playlist 'Chill' referencia usuário inexistente 'Não informado'.
ERRORS:
 - Música sem título; ignorada. | Registro: {'nome': 'Beatriz', 'playlists': ['Estudos', 'Chill']}
 - Playlist sem nome; ignorada. | Registro: {'titulo': 'História da Música', 'temporada': 'CulturaSonora', 'episodio': '7', 'host': 'Pedro Almeida', 'duracao': '1500'}
[2025-10-06 09:52:13] Fonte: C:\Git_hub\Streaming_POD_Rafael_Sofia\config\Exemplo Entrada - 2.md
WARNINGS:
 - Duração inválida para música 'Shape of You': '-240'. Ignorada (strict=False).
 - Episódio inválido em 'Fur Elise': ''. Usando 0.
 - Episódio inválido em 'Inteligência Artificial Hoje': 'quinze'. Usando 0.
 - Playlist 'Relax' tem itens repetidos: ['Shape of You']. Mantendo uma ocorrência de cada.
 - Playlist 'Favoritas' referencia usuário inexistente 'Não informado'.
 - Playlist 'Treino' referencia usuário inexistente 'Não informado'.
 - Playlist 'Relax' referencia usuário inexistente 'Não informado'.
 - Playlist 'Chill' referencia usuário inexistente 'Não informado'.
ERRORS:
 - Música sem título; ignorada. | Registro: {'nome': 'Ana', 'playlists': ['Chill']}
 - Playlist sem nome; ignorada. | Registro: {'titulo': 'Cinema em Debate', 'temporada': 'CineCast', 'episodio': '42', 'host': 'João Oliveira', 'duracao': '0'}
[2025-10-06 10:50:01] Fonte: C:\Git_hub\Streaming_POD_Rafael_Sofia\config\Exemplo Entrada - 1.md
WARNINGS:
 - Episódio inválido em 'Rolling in the Deep': ''. Usando 0.
 - Playlist 'Favoritas' referencia usuário inexistente 'Não informado'.
 - Playlist 'Treino' referencia usuário inexistente 'Não informado'.
 - Playlist 'Relax' referencia usuário inexistente 'Não informado'.
 - Playlist 'Estudos' referencia usuário inexistente 'Não informado'.
 - Playlist 'Chill' referencia usuário inexistente 'Não informado'.
ERRORS:
 - Música sem título; ignorada. | Registro: {'nome': 'Beatriz', 'playlists': ['Estudos', 'Chill']}
 - Playlist sem nome; ignorada. | Registro: {'titulo': 'História da Música', 'temporada': 'CulturaSonora', 'episodio': '7', 'host': 'Pedro Almeida', 'duracao': '1500'}
[2025-10-06 10:50:01] Fonte: C:\Git_hub\Streaming_POD_Rafael_Sofia\config\Exemplo Entrada - 2.md
WARNINGS:
 - Duração inválida para música 'Shape of You': '-240'. Ignorada (strict=False).
 - Episódio inválido em 'Fur Elise': ''. Usando 0.
 - Episódio inválido em 'Inteligência Artificial Hoje': 'quinze'. Usando 0.
 - Playlist 'Relax' tem itens repetidos: ['Shape of You']. Mantendo uma ocorrência de cada.
 - Playlist 'Favoritas' referencia usuário inexistente 'Não informado'.
 - Playlist 'Treino' referencia usuário inexistente 'Não informado'.
 - Playlist 'Relax' referencia usuário inexistente 'Não informado'.
 - Playlist 'Chill' referencia usuário inexistente 'Não informado'.
ERRORS:
 - Música sem título; ignorada. | Registro: {'nome': 'Ana', 'playlists': ['Chill']}
 - Playlist sem nome; ignorada. | Registro: {'titulo': 'Cinema em Debate', 'temporada': 'CineCast', 'episodio': '42', 'host': 'João Oliveira', 'duracao': '0'}
[2025-10-06 10:53:56] Fonte: C:\Git_hub\Streaming_POD_Rafael_Sofia\config\Exemplo Entrada - 1.md
WARNINGS:
 - Episódio inválido em 'Rolling in the Deep': ''. Usando 0.
 - Playlist 'Favoritas' referencia usuário inexistente 'Não informado'.
 - Playlist 'Treino' referencia usuário inexistente 'Não informado'.
 - Playlist 'Relax' referencia usuário inexistente 'Não informado'.
 - Playlist 'Estudos' referencia usuário inexistente 'Não informado'.
 - Playlist 'Chill' referencia usuário inexistente 'Não informado'.
ERRORS:
 - Música sem título; ignorada. | Registro: {'nome': 'Beatriz', 'playlists': ['Estudos', 'Chill']}
 - Playlist sem nome; ignorada. | Registro: {'titulo': 'História da Música', 'temporada': 'CulturaSonora', 'episodio': '7', 'host': 'Pedro Almeida', 'duracao': '1500'}
[2025-10-06 10:53:56] Fonte: C:\Git_hub\Streaming_POD_Rafael_Sofia\config\Exemplo Entrada - 2.md
WARNINGS:
 - Duração inválida para música 'Shape of You': '-240'. Ignorada (strict=False).
 - Episódio inválido em 'Fur Elise': ''. Usando 0.
 - Episódio inválido em 'Inteligência Artificial Hoje': 'quinze'. Usando 0.
 - Playlist 'Relax' tem itens repetidos: ['Shape of You']. Mantendo uma ocorrência de cada.
 - Playlist 'Favoritas' referencia usuário inexistente 'Não informado'.
 - Playlist 'Treino' referencia usuário inexistente 'Não informado'.
 - Playlist 'Relax' referencia usuário inexistente 'Não informado'.
 - Playlist 'Chill' referencia usuário inexistente 'Não informado'.
ERRORS:
 - Música sem título; ignorada. | Registro: {'nome': 'Ana', 'playlists': ['Chill']}
 - Playlist sem nome; ignorada. | Registro: {'titulo': 'Cinema em Debate', 'temporada': 'CineCast', 'episodio': '42', 'host': 'João Oliveira', 'duracao': '0'}
[2025-10-06 10:57:39] Fonte: C:\Git_hub\Streaming_POD_Rafael_Sofia\config\Exemplo Entrada - 1.md
WARNINGS:
 - Episódio inválido em 'Rolling in the Deep': ''. Usando 0.
 - Playlist 'Favoritas' referencia usuário inexistente 'Não informado'.
 - Playlist 'Treino' referencia usuário inexistente 'Não informado'.
 - Playlist 'Relax' referencia usuário inexistente 'Não informado'.
 - Playlist 'Estudos' referencia usuário inexistente 'Não informado'.
 - Playlist 'Chill' referencia usuário inexistente 'Não informado'.
ERRORS:
 - Música sem título; ignorada. | Registro: {'nome': 'Beatriz', 'playlists': ['Estudos', 'Chill']}
 - Playlist sem nome; ignorada. | Registro: {'titulo': 'História da Música', 'temporada': 'CulturaSonora', 'episodio': '7', 'host': 'Pedro Almeida', 'duracao': '1500'}
[2025-10-06 10:57:39] Fonte: C:\Git_hub\Streaming_POD_Rafael_Sofia\config\Exemplo Entrada - 2.md
WARNINGS:
 - Duração inválida para música 'Shape of You': '-240'. Ignorada (strict=False).
 - Episódio inválido em 'Fur Elise': ''. Usando 0.
 - Episódio inválido em 'Inteligência Artificial Hoje': 'quinze'. Usando 0.
 - Playlist 'Relax' tem itens repetidos: ['Shape of You']. Mantendo uma ocorrência de cada.
 - Playlist 'Favoritas' referencia usuário inexistente 'Não informado'.
 - Playlist 'Treino' referencia usuário inexistente 'Não informado'.
 - Playlist 'Relax' referencia usuário inexistente 'Não informado'.
 - Playlist 'Chill' referencia usuário inexistente 'Não informado'.
ERRORS:
 - Música sem título; ignorada. | Registro: {'nome': 'Ana', 'playlists': ['Chill']}
 - Playlist sem nome; ignorada. | Registro: {'titulo': 'Cinema em Debate', 'temporada': 'CineCast', 'episodio': '42', 'host': 'João Oliveira', 'duracao': '0'}
[2025-10-06 10:57:58] Fonte: C:\Git_hub\Streaming_POD_Rafael_Sofia\config\Exemplo Entrada - 1.md
WARNINGS:
 - Episódio inválido em 'Rolling in the Deep': ''. Usando 0.
 - Playlist 'Favoritas' referencia usuário inexistente 'Não informado'.
 - Playlist 'Treino' referencia usuário inexistente 'Não informado'.
 - Playlist 'Relax' referencia usuário inexistente 'Não informado'.
 - Playlist 'Estudos' referencia usuário inexistente 'Não informado'.
 - Playlist 'Chill' referencia usuário inexistente 'Não informado'.
ERRORS:
 - Música sem título; ignorada. | Registro: {'nome': 'Beatriz', 'playlists': ['Estudos', 'Chill']}
 - Playlist sem nome; ignorada. | Registro: {'titulo': 'História da Música', 'temporada': 'CulturaSonora', 'episodio': '7', 'host': 'Pedro Almeida', 'duracao': '1500'}
[2025-10-06 10:57:58] Fonte: C:\Git_hub\Streaming_POD_Rafael_Sofia\config\Exemplo Entrada - 2.md
WARNINGS:
 - Duração inválida para música 'Shape of You': '-240'. Ignorada (strict=False).
 - Episódio inválido em 'Fur Elise': ''. Usando 0.
 - Episódio inválido em 'Inteligência Artificial Hoje': 'quinze'. Usando 0.
 - Playlist 'Relax' tem itens repetidos: ['Shape of You']. Mantendo uma ocorrência de cada.
 - Playlist 'Favoritas' referencia usuário inexistente 'Não informado'.
 - Playlist 'Treino' referencia usuário inexistente 'Não informado'.
 - Playlist 'Relax' referencia usuário inexistente 'Não informado'.
 - Playlist 'Chill' referencia usuário inexistente 'Não informado'.
ERRORS:
 - Música sem título; ignorada. | Registro: {'nome': 'Ana', 'playlists': ['Chill']}
 - Playlist sem nome; ignorada. | Registro: {'titulo': 'Cinema em Debate', 'temporada': 'CineCast', 'episodio': '42', 'host': 'João Oliveira', 'duracao': '0'}
[2025-10-06 11:00:34] Fonte: C:\Git_hub\Streaming_POD_Rafael_Sofia\config\Exemplo Entrada - 1.md
WARNINGS:
 - Episódio inválido em 'Rolling in the Deep': ''. Usando 0.
 - Playlist 'Favoritas' referencia usuário inexistente 'Não informado'.
 - Playlist 'Treino' referencia usuário inexistente 'Não informado'.
 - Playlist 'Relax' referencia usuário inexistente 'Não informado'.
 - Playlist 'Estudos' referencia usuário inexistente 'Não informado'.
 - Playlist 'Chill' referencia usuário inexistente 'Não informado'.
ERRORS:
 - Música sem título; ignorada. | Registro: {'nome': 'Beatriz', 'playlists': ['Estudos', 'Chill']}
 - Playlist sem nome; ignorada. | Registro: {'titulo': 'História da Música', 'temporada': 'CulturaSonora', 'episodio': '7', 'host': 'Pedro Almeida', 'duracao': '1500'}
[2025-10-06 11:00:34] Fonte: C:\Git_hub\Streaming_POD_Rafael_Sofia\config\Exemplo Entrada - 2.md
WARNINGS:
 - Duração inválida para música 'Shape of You': '-240'. Ignorada (strict=False).
 - Episódio inválido em 'Fur Elise': ''. Usando 0.
 - Episódio inválido em 'Inteligência Artificial Hoje': 'quinze'. Usando 0.
 - Playlist 'Relax' tem itens repetidos: ['Shape of You']. Mantendo uma ocorrência de cada.
 - Playlist 'Favoritas' referencia usuário inexistente 'Não informado'.
 - Playlist 'Treino' referencia usuário inexistente 'Não informado'.
 - Playlist 'Relax' referencia usuário inexistente 'Não informado'.
 - Playlist 'Chill' referencia usuário inexistente 'Não informado'.
ERRORS:
 - Música sem título; ignorada. | Registro: {'nome': 'Ana', 'playlists': ['Chill']}
 - Playlist sem nome; ignorada. | Registro: {'titulo': 'Cinema em Debate', 'temporada': 'CineCast', 'episodio': '42', 'host': 'João Oliveira', 'duracao': '0'}
[2025-10-06 11:05:10] Fonte: C:\Git_hub\Streaming_POD_Rafael_Sofia\config\Exemplo Entrada - 1.md
WARNINGS:
 - Episódio inválido em 'Rolling in the Deep': ''. Usando 0.
 - Playlist 'Favoritas' referencia usuário inexistente 'Não informado'.
 - Playlist 'Treino' referencia usuário inexistente 'Não informado'.
 - Playlist 'Relax' referencia usuário inexistente 'Não informado'.
 - Playlist 'Estudos' referencia usuário inexistente 'Não informado'.
 - Playlist 'Chill' referencia usuário inexistente 'Não informado'.
ERRORS:
 - Música sem título; ignorada. | Registro: {'nome': 'Beatriz', 'playlists': ['Estudos', 'Chill']}
 - Playlist sem nome; ignorada. | Registro: {'titulo': 'História da Música', 'temporada': 'CulturaSonora', 'episodio': '7', 'host': 'Pedro Almeida', 'duracao': '1500'}
[2025-10-06 11:05:10] Fonte: C:\Git_hub\Streaming_POD_Rafael_Sofia\config\Exemplo Entrada - 2.md
WARNINGS:
 - Duração inválida para música 'Shape of You': '-240'. Ignorada (strict=False).
 - Episódio inválido em 'Fur Elise': ''. Usando 0.
 - Episódio inválido em 'Inteligência Artificial Hoje': 'quinze'. Usando 0.
 - Playlist 'Relax' tem itens repetidos: ['Shape of You']. Mantendo uma ocorrência de cada.
 - Playlist 'Favoritas' referencia usuário inexistente 'Não informado'.
 - Playlist 'Treino' referencia usuário inexistente 'Não informado'.
 - Playlist 'Relax' referencia usuário inexistente 'Não informado'.
 - Playlist 'Chill' referencia usuário inexistente 'Não informado'.
ERRORS:
 - Música sem título; ignorada. | Registro: {'nome': 'Ana', 'playlists': ['Chill']}
 - Playlist sem nome; ignorada. | Registro: {'titulo': 'Cinema em Debate', 'temporada': 'CineCast', 'episodio': '42', 'host': 'João Oliveira', 'duracao': '0'}
[2025-10-06 14:37:01] Fonte: C:\Git_hub\Streaming_POD_Rafael_Sofia\config\Exemplo Entrada - 1.md
WARNINGS:
 - Episódio inválido em 'Rolling in the Deep': ''. Usando 0.
 - Playlist 'Favoritas' referencia usuário inexistente 'Não informado'.
 - Playlist 'Treino' referencia usuário inexistente 'Não informado'.
 - Playlist 'Relax' referencia usuário inexistente 'Não informado'.
 - Playlist 'Estudos' referencia usuário inexistente 'Não informado'.
 - Playlist 'Chill' referencia usuário inexistente 'Não informado'.
ERRORS:
 - Música sem título; ignorada. | Registro: {'nome': 'Beatriz', 'playlists': ['Estudos', 'Chill']}
 - Playlist sem nome; ignorada. | Registro: {'titulo': 'História da Música', 'temporada': 'CulturaSonora', 'episodio': '7', 'host': 'Pedro Almeida', 'duracao': '1500'}
[2025-10-06 14:37:01] Fonte: C:\Git_hub\Streaming_POD_Rafael_Sofia\config\Exemplo Entrada - 2.md
WARNINGS:
 - Duração inválida para música 'Shape of You': '-240'. Ignorada (strict=False).
 - Episódio inválido em 'Fur Elise': ''. Usando 0.
 - Episódio inválido em 'Inteligência Artificial Hoje': 'quinze'. Usando 0.
 - Playlist 'Relax' tem itens repetidos: ['Shape of You']. Mantendo uma ocorrência de cada.
 - Playlist 'Favoritas' referencia usuário inexistente 'Não informado'.
 - Playlist 'Treino' referencia usuário inexistente 'Não informado'.
 - Playlist 'Relax' referencia usuário inexistente 'Não informado'.
 - Playlist 'Chill' referencia usuário inexistente 'Não informado'.
ERRORS:
 - Música sem título; ignorada. | Registro: {'nome': 'Ana', 'playlists': ['Chill']}
 - Playlist sem nome; ignorada. | Registro: {'titulo': 'Cinema em Debate', 'temporada': 'CineCast', 'episodio': '42', 'host': 'João Oliveira', 'duracao': '0'}
[2025-10-06 14:37:02] Fonte: C:\Git_hub\Streaming_POD_Rafael_Sofia\config\Exemplo Entrada - 1.md
WARNINGS:
 - Episódio inválido em 'Rolling in the Deep': ''. Usando 0.
 - Playlist 'Favoritas' referencia usuário inexistente 'Não informado'.
 - Playlist 'Treino' referencia usuário inexistente 'Não informado'.
 - Playlist 'Relax' referencia usuário inexistente 'Não informado'.
 - Playlist 'Estudos' referencia usuário inexistente 'Não informado'.
 - Playlist 'Chill' referencia usuário inexistente 'Não informado'.
ERRORS:
 - Música sem título; ignorada. | Registro: {'nome': 'Beatriz', 'playlists': ['Estudos', 'Chill']}
 - Playlist sem nome; ignorada. | Registro: {'titulo': 'História da Música', 'temporada': 'CulturaSonora', 'episodio': '7', 'host': 'Pedro Almeida', 'duracao': '1500'}
[2025-10-06 14:37:02] Fonte: C:\Git_hub\Streaming_POD_Rafael_Sofia\config\Exemplo Entrada - 2.md
WARNINGS:
 - Duração inválida para música 'Shape of You': '-240'. Ignorada (strict=False).
 - Episódio inválido em 'Fur Elise': ''. Usando 0.
 - Episódio inválido em 'Inteligência Artificial Hoje': 'quinze'. Usando 0.
 - Playlist 'Relax' tem itens repetidos: ['Shape of You']. Mantendo uma ocorrência de cada.
 - Playlist 'Favoritas' referencia usuário inexistente 'Não informado'.
 - Playlist 'Treino' referencia usuário inexistente 'Não informado'.
 - Playlist 'Relax' referencia usuário inexistente 'Não informado'.
 - Playlist 'Chill' referencia usuário inexistente 'Não informado'.
ERRORS:
 - Música sem título; ignorada. | Registro: {'nome': 'Ana', 'playlists': ['Chill']}
 - Playlist sem nome; ignorada. | Registro: {'titulo': 'Cinema em Debate', 'temporada': 'CineCast', 'episodio': '42', 'host': 'João Oliveira', 'duracao': '0'}
[2025-10-06 15:41:59] Fonte: C:\Git_hub\Streaming_POD_Rafael_Sofia\config\Exemplo Entrada - 1.md
WARNINGS:
 - Episódio inválido em 'Rolling in the Deep': ''. Usando 0.
 - Playlist 'Favoritas' referencia usuário inexistente 'Não informado'.
 - Playlist 'Treino' referencia usuário inexistente 'Não informado'.
 - Playlist 'Relax' referencia usuário inexistente 'Não informado'.
 - Playlist 'Estudos' referencia usuário inexistente 'Não informado'.
 - Playlist 'Chill' referencia usuário inexistente 'Não informado'.
ERRORS:
 - Música sem título; ignorada. | Registro: {'nome': 'Beatriz', 'playlists': ['Estudos', 'Chill']}
 - Playlist sem nome; ignorada. | Registro: {'titulo': 'História da Música', 'temporada': 'CulturaSonora', 'episodio': '7', 'host': 'Pedro Almeida', 'duracao': '1500'}
[2025-10-06 15:41:59] Fonte: C:\Git_hub\Streaming_POD_Rafael_Sofia\config\Exemplo Entrada - 2.md
WARNINGS:
 - Duração inválida para música 'Shape of You': '-240'. Ignorada (strict=False).
 - Episódio inválido em 'Fur Elise': ''. Usando 0.
 - Episódio inválido em 'Inteligência Artificial Hoje': 'quinze'. Usando 0.
 - Playlist 'Relax' tem itens repetidos: ['Shape of You']. Mantendo uma ocorrência de cada.
 - Playlist 'Favoritas' referencia usuário inexistente 'Não informado'.
 - Playlist 'Treino' referencia usuário inexistente 'Não informado'.
 - Playlist 'Relax' referencia usuário inexistente 'Não informado'.
 - Playlist 'Chill' referencia usuário inexistente 'Não informado'.
ERRORS:
 - Música sem título; ignorada. | Registro: {'nome': 'Ana', 'playlists': ['Chill']}
 - Playlist sem nome; ignorada. | Registro: {'titulo': 'Cinema em Debate', 'temporada': 'CineCast', 'episodio': '42', 'host': 'João Oliveira', 'duracao': '0'}
[2025-10-06 15:42:21] Fonte: C:\Git_hub\Streaming_POD_Rafael_Sofia\config\Exemplo Entrada - 1.md
WARNINGS:
 - Episódio inválido em 'Rolling in the Deep': ''. Usando 0.
 - Playlist 'Favoritas' referencia usuário inexistente 'Não informado'.
 - Playlist 'Treino' referencia usuário inexistente 'Não informado'.
 - Playlist 'Relax' referencia usuário inexistente 'Não informado'.
 - Playlist 'Estudos' referencia usuário inexistente 'Não informado'.
 - Playlist 'Chill' referencia usuário inexistente 'Não informado'.
ERRORS:
 - Música sem título; ignorada. | Registro: {'nome': 'Beatriz', 'playlists': ['Estudos', 'Chill']}
 - Playlist sem nome; ignorada. | Registro: {'titulo': 'História da Música', 'temporada': 'CulturaSonora', 'episodio': '7', 'host': 'Pedro Almeida', 'duracao': '1500'}
[2025-10-06 15:42:21] Fonte: C:\Git_hub\Streaming_POD_Rafael_Sofia\config\Exemplo Entrada - 2.md
WARNINGS:
 - Duração inválida para música 'Shape of You': '-240'. Ignorada (strict=False).
 - Episódio inválido em 'Fur Elise': ''. Usando 0.
 - Episódio inválido em 'Inteligência Artificial Hoje': 'quinze'. Usando 0.
 - Playlist 'Relax' tem itens repetidos: ['Shape of You']. Mantendo uma ocorrência de cada.
 - Playlist 'Favoritas' referencia usuário inexistente 'Não informado'.
 - Playlist 'Treino' referencia usuário inexistente 'Não informado'.
 - Playlist 'Relax' referencia usuário inexistente 'Não informado'.
 - Playlist 'Chill' referencia usuário inexistente 'Não informado'.
ERRORS:
 - Música sem título; ignorada. | Registro: {'nome': 'Ana', 'playlists': ['Chill']}
 - Playlist sem nome; ignorada. | Registro: {'titulo': 'Cinema em Debate', 'temporada': 'CineCast', 'episodio': '42', 'host': 'João Oliveira', 'duracao': '0'}
[2025-10-06 16:54:37] Fonte: C:\Git_hub\Streaming_POD_Rafael_Sofia\config\Exemplo Entrada - 1.md
WARNINGS:
 - Episódio inválido em 'Rolling in the Deep': ''. Usando 0.
 - Playlist 'Favoritas' referencia usuário inexistente 'Não informado'.
 - Playlist 'Treino' referencia usuário inexistente 'Não informado'.
 - Playlist 'Relax' referencia usuário inexistente 'Não informado'.
 - Playlist 'Estudos' referencia usuário inexistente 'Não informado'.
 - Playlist 'Chill' referencia usuário inexistente 'Não informado'.
ERRORS:
 - Música sem título; ignorada. | Registro: {'nome': 'Beatriz', 'playlists': ['Estudos', 'Chill']}
 - Playlist sem nome; ignorada. | Registro: {'titulo': 'História da Música', 'temporada': 'CulturaSonora', 'episodio': '7', 'host': 'Pedro Almeida', 'duracao': '1500'}
[2025-10-06 16:54:37] Fonte: C:\Git_hub\Streaming_POD_Rafael_Sofia\config\Exemplo Entrada - 2.md
WARNINGS:
 - Duração inválida para música 'Shape of You': '-240'. Ignorada (strict=False).
 - Episódio inválido em 'Fur Elise': ''. Usando 0.
 - Episódio inválido em 'Inteligência Artificial Hoje': 'quinze'. Usando 0.
 - Playlist 'Relax' tem itens repetidos: ['Shape of You']. Mantendo uma ocorrência de cada.
 - Playlist 'Favoritas' referencia usuário inexistente 'Não informado'.
 - Playlist 'Treino' referencia usuário inexistente 'Não informado'.
 - Playlist 'Relax' referencia usuário inexistente 'Não informado'.
 - Playlist 'Chill' referencia usuário inexistente 'Não informado'.
ERRORS:
 - Música sem título; ignorada. | Registro: {'nome': 'Ana', 'playlists': ['Chill']}
 - Playlist sem nome; ignorada. | Registro: {'titulo': 'Cinema em Debate', 'temporada': 'CineCast', 'episodio': '42', 'host': 'João Oliveira', 'duracao': '0'}
[2025-10-06 16:55:54] Fonte: C:\Git_hub\Streaming_POD_Rafael_Sofia\config\Exemplo Entrada - 1.md
WARNINGS:
 - Episódio inválido em 'Rolling in the Deep': ''. Usando 0.
 - Playlist 'Favoritas' referencia usuário inexistente 'Não informado'.
 - Playlist 'Treino' referencia usuário inexistente 'Não informado'.
 - Playlist 'Relax' referencia usuário inexistente 'Não informado'.
 - Playlist 'Estudos' referencia usuário inexistente 'Não informado'.
 - Playlist 'Chill' referencia usuário inexistente 'Não informado'.
ERRORS:
 - Música sem título; ignorada. | Registro: {'nome': 'Beatriz', 'playlists': ['Estudos', 'Chill']}
 - Playlist sem nome; ignorada. | Registro: {'titulo': 'História da Música', 'temporada': 'CulturaSonora', 'episodio': '7', 'host': 'Pedro Almeida', 'duracao': '1500'}
[2025-10-06 16:55:54] Fonte: C:\Git_hub\Streaming_POD_Rafael_Sofia\config\Exemplo Entrada - 2.md
WARNINGS:
 - Duração inválida para música 'Shape of You': '-240'. Ignorada (strict=False).
 - Episódio inválido em 'Fur Elise': ''. Usando 0.
 - Episódio inválido em 'Inteligência Artificial Hoje': 'quinze'. Usando 0.
 - Playlist 'Relax' tem itens repetidos: ['Shape of You']. Mantendo uma ocorrência de cada.
 - Playlist 'Favoritas' referencia usuário inexistente 'Não informado'.
 - Playlist 'Treino' referencia usuário inexistente 'Não informado'.
 - Playlist 'Relax' referencia usuário inexistente 'Não informado'.
 - Playlist 'Chill' referencia usuário inexistente 'Não informado'.
ERRORS:
 - Música sem título; ignorada. | Registro: {'nome': 'Ana', 'playlists': ['Chill']}
 - Playlist sem nome; ignorada. | Registro: {'titulo': 'Cinema em Debate', 'temporada': 'CineCast', 'episodio': '42', 'host': 'João Oliveira', 'duracao': '0'}
[2025-10-06 16:56:14] Fonte: C:\Git_hub\Streaming_POD_Rafael_Sofia\config\Exemplo Entrada - 1.md
WARNINGS:
 - Episódio inválido em 'Rolling in the Deep': ''. Usando 0.
 - Playlist 'Favoritas' referencia usuário inexistente 'Não informado'.
 - Playlist 'Treino' referencia usuário inexistente 'Não informado'.
 - Playlist 'Relax' referencia usuário inexistente 'Não informado'.
 - Playlist 'Estudos' referencia usuário inexistente 'Não informado'.
 - Playlist 'Chill' referencia usuário inexistente 'Não informado'.
ERRORS:
 - Música sem título; ignorada. | Registro: {'nome': 'Beatriz', 'playlists': ['Estudos', 'Chill']}
 - Playlist sem nome; ignorada. | Registro: {'titulo': 'História da Música', 'temporada': 'CulturaSonora', 'episodio': '7', 'host': 'Pedro Almeida', 'duracao': '1500'}
[2025-10-06 16:56:14] Fonte: C:\Git_hub\Streaming_POD_Rafael_Sofia\config\Exemplo Entrada - 2.md
WARNINGS:
 - Duração inválida para música 'Shape of You': '-240'. Ignorada (strict=False).
 - Episódio inválido em 'Fur Elise': ''. Usando 0.
 - Episódio inválido em 'Inteligência Artificial Hoje': 'quinze'. Usando 0.
 - Playlist 'Relax' tem itens repetidos: ['Shape of You']. Mantendo uma ocorrência de cada.
 - Playlist 'Favoritas' referencia usuário inexistente 'Não informado'.
 - Playlist 'Treino' referencia usuário inexistente 'Não informado'.
 - Playlist 'Relax' referencia usuário inexistente 'Não informado'.
 - Playlist 'Chill' referencia usuário inexistente 'Não informado'.
ERRORS:
 - Música sem título; ignorada. | Registro: {'nome': 'Ana', 'playlists': ['Chill']}
 - Playlist sem nome; ignorada. | Registro: {'titulo': 'Cinema em Debate', 'temporada': 'CineCast', 'episodio': '42', 'host': 'João Oliveira', 'duracao': '0'}
[2025-10-06 16:56:22] Fonte: C:\Git_hub\Streaming_POD_Rafael_Sofia\config\Exemplo Entrada - 1.md
WARNINGS:
 - Episódio inválido em 'Rolling in the Deep': ''. Usando 0.
 - Playlist 'Favoritas' referencia usuário inexistente 'Não informado'.
 - Playlist 'Treino' referencia usuário inexistente 'Não informado'.
 - Playlist 'Relax' referencia usuário inexistente 'Não informado'.
 - Playlist 'Estudos' referencia usuário inexistente 'Não informado'.
 - Playlist 'Chill' referencia usuário inexistente 'Não informado'.
ERRORS:
 - Música sem título; ignorada. | Registro: {'nome': 'Beatriz', 'playlists': ['Estudos', 'Chill']}
 - Playlist sem nome; ignorada. | Registro: {'titulo': 'História da Música', 'temporada': 'CulturaSonora', 'episodio': '7', 'host': 'Pedro Almeida', 'duracao': '1500'}
[2025-10-06 16:56:22] Fonte: C:\Git_hub\Streaming_POD_Rafael_Sofia\config\Exemplo Entrada - 2.md
WARNINGS:
 - Duração inválida para música 'Shape of You': '-240'. Ignorada (strict=False).
 - Episódio inválido em 'Fur Elise': ''. Usando 0.
 - Episódio inválido em 'Inteligência Artificial Hoje': 'quinze'. Usando 0.
 - Playlist 'Relax' tem itens repetidos: ['Shape of You']. Mantendo uma ocorrência de cada.
 - Playlist 'Favoritas' referencia usuário inexistente 'Não informado'.
 - Playlist 'Treino' referencia usuário inexistente 'Não informado'.
 - Playlist 'Relax' referencia usuário inexistente 'Não informado'.
 - Playlist 'Chill' referencia usuário inexistente 'Não informado'.
ERRORS:
 - Música sem título; ignorada. | Registro: {'nome': 'Ana', 'playlists': ['Chill']}
 - Playlist sem nome; ignorada. | Registro: {'titulo': 'Cinema em Debate', 'temporada': 'CineCast', 'episodio': '42', 'host': 'João Oliveira', 'duracao': '0'}
[2025-10-06 19:03:36] Fonte: C:\Git_hub\Streaming_POD_Rafael_Sofia\config\Exemplo Entrada - 1.md
WARNINGS:
 - Playlist 'Favoritas' referencia usuário inexistente 'Não informado'.
 - Playlist 'Treino' referencia usuário inexistente 'Não informado'.
 - Playlist 'Relax' referencia usuário inexistente 'Não informado'.
 - Playlist 'Estudos' referencia usuário inexistente 'Não informado'.
 - Playlist 'Chill' referencia usuário inexistente 'Não informado'.
[2025-10-06 19:03:36] Fonte: C:\Git_hub\Streaming_POD_Rafael_Sofia\config\Exemplo Entrada - 2.md
WARNINGS:
 - Usuário duplicado 'Ana'. Mantendo o primeiro e ignorando o duplicado.
 - Duração inválida para música 'Shape of You': '-240'. Ignorada (strict=False).
 - Episódio inválido em 'Inteligência Artificial Hoje': 'quinze'. Usando 0.
 - Duração inválida para podcast 'Cinema em Debate': '0'. Ignorado (strict=False).
 - Playlist 'Relax' tem itens repetidos: ['Shape of You']. Mantendo uma ocorrência de cada.
 - Playlist 'Favoritas' referencia usuário inexistente 'Não informado'.
 - Playlist 'Treino' referencia usuário inexistente 'Não informado'.
 - Playlist 'Relax' referencia usuário inexistente 'Não informado'.
 - Playlist 'Chill' referencia usuário inexistente 'Não informado'.
[2025-10-06 19:05:20] Fonte: C:\Git_hub\Streaming_POD_Rafael_Sofia\config\Exemplo Entrada - 1.md
WARNINGS:
 - Playlist 'Favoritas' referencia usuário inexistente 'Não informado'.
 - Playlist 'Treino' referencia usuário inexistente 'Não informado'.
 - Playlist 'Relax' referencia usuário inexistente 'Não informado'.
 - Playlist 'Estudos' referencia usuário inexistente 'Não informado'.
 - Playlist 'Chill' referencia usuário inexistente 'Não informado'.
[2025-10-06 19:05:20] Fonte: C:\Git_hub\Streaming_POD_Rafael_Sofia\config\Exemplo Entrada - 2.md
WARNINGS:
 - Usuário duplicado 'Ana'. Mantendo o primeiro e ignorando o duplicado.
 - Duração inválida para música 'Shape of You': '-240'. Ignorada (strict=False).
 - Episódio inválido em 'Inteligência Artificial Hoje': 'quinze'. Usando 0.
 - Duração inválida para podcast 'Cinema em Debate': '0'. Ignorado (strict=False).
 - Playlist 'Relax' tem itens repetidos: ['Shape of You']. Mantendo uma ocorrência de cada.
 - Playlist 'Favoritas' referencia usuário inexistente 'Não informado'.
 - Playlist 'Treino' referencia usuário inexistente 'Não informado'.
 - Playlist 'Relax' referencia usuário inexistente 'Não informado'.
 - Playlist 'Chill' referencia usuário inexistente 'Não informado'.
[2025-10-06 19:16:21] Fonte: C:\Git_hub\Streaming_POD_Rafael_Sofia\config\Exemplo Entrada - 1.md
WARNINGS:
 - Playlist 'Favoritas' referencia usuário inexistente 'Não informado'.
 - Playlist 'Treino' referencia usuário inexistente 'Não informado'.
 - Playlist 'Relax' referencia usuário inexistente 'Não informado'.
 - Playlist 'Estudos' referencia usuário inexistente 'Não informado'.
 - Playlist 'Chill' referencia usuário inexistente 'Não informado'.
[2025-10-06 19:16:21] Fonte: C:\Git_hub\Streaming_POD_Rafael_Sofia\config\Exemplo Entrada - 2.md
WARNINGS:
 - Usuário duplicado 'Ana'. Mantendo o primeiro e ignorando o duplicado.
 - Duração inválida para música 'Shape of You': '-240'. Ignorada (strict=False).
 - Episódio inválido em 'Inteligência Artificial Hoje': 'quinze'. Usando 0.
 - Duração inválida para podcast 'Cinema em Debate': '0'. Ignorado (strict=False).
 - Playlist 'Relax' tem itens repetidos: ['Shape of You']. Mantendo uma ocorrência de cada.
 - Playlist 'Favoritas' referencia usuário inexistente 'Não informado'.
 - Playlist 'Treino' referencia usuário inexistente 'Não informado'.
 - Playlist 'Relax' referencia usuário inexistente 'Não informado'.
 - Playlist 'Chill' referencia usuário inexistente 'Não informado'.
[2025-10-06 19:50:34] Fonte: C:\Git_hub\Streaming_POD_Rafael_Sofia\config\Exemplo Entrada - 1.md
WARNINGS:
 - Playlist 'Favoritas' referencia usuário inexistente 'Não informado'.
 - Playlist 'Treino' referencia usuário inexistente 'Não informado'.
 - Playlist 'Relax' referencia usuário inexistente 'Não informado'.
 - Playlist 'Estudos' referencia usuário inexistente 'Não informado'.
 - Playlist 'Chill' referencia usuário inexistente 'Não informado'.
[2025-10-06 19:50:34] Fonte: C:\Git_hub\Streaming_POD_Rafael_Sofia\config\Exemplo Entrada - 2.md
WARNINGS:
 - Usuário duplicado 'Ana'. Mantendo o primeiro e ignorando o duplicado.
 - Duração inválida para música 'Shape of You': '-240'. Ignorada (strict=False).
 - Episódio inválido em 'Inteligência Artificial Hoje': 'quinze'. Usando 0.
 - Duração inválida para podcast 'Cinema em Debate': '0'. Ignorado (strict=False).
 - Playlist 'Relax' tem itens repetidos: ['Shape of You']. Mantendo uma ocorrência de cada.
 - Playlist 'Favoritas' referencia usuário inexistente 'Não informado'.
 - Playlist 'Treino' referencia usuário inexistente 'Não informado'.
 - Playlist 'Relax' referencia usuário inexistente 'Não informado'.
 - Playlist 'Chill' referencia usuário inexistente 'Não informado'.
[2025-10-06 20:26:29] Fonte: C:\Git_hub\Streaming_POD_Rafael_Sofia\config\Exemplo Entrada - 1.md
WARNINGS:
 - Playlist 'Favoritas' referencia usuário inexistente 'Não informado'.
 - Playlist 'Treino' referencia usuário inexistente 'Não informado'.
 - Playlist 'Relax' referencia usuário inexistente 'Não informado'.
 - Playlist 'Estudos' referencia usuário inexistente 'Não informado'.
 - Playlist 'Chill' referencia usuário inexistente 'Não informado'.
[2025-10-06 20:26:29] Fonte: C:\Git_hub\Streaming_POD_Rafael_Sofia\config\Exemplo Entrada - 2.md
WARNINGS:
 - Usuário duplicado 'Ana'. Mantendo o primeiro e ignorando o duplicado.
 - Duração inválida para música 'Shape of You': '-240'. Ignorada (strict=False).
 - Episódio inválido em 'Inteligência Artificial Hoje': 'quinze'. Usando 0.
 - Duração inválida para podcast 'Cinema em Debate': '0'. Ignorado (strict=False).
 - Playlist 'Relax' tem itens repetidos: ['Shape of You']. Mantendo uma ocorrência de cada.
 - Playlist 'Favoritas' referencia usuário inexistente 'Não informado'.
 - Playlist 'Treino' referencia usuário inexistente 'Não informado'.
 - Playlist 'Relax' referencia usuário inexistente 'Não informado'.
 - Playlist 'Chill' referencia usuário inexistente 'Não informado'.
[2025-10-06 20:42:57] Fonte: C:\Git_hub\Streaming_POD_Rafael_Sofia\config\Exemplo Entrada - 1.md
WARNINGS:
 - Playlist 'Favoritas' referencia usuário inexistente 'Não informado'.
 - Playlist 'Treino' referencia usuário inexistente 'Não informado'.
 - Playlist 'Relax' referencia usuário inexistente 'Não informado'.
 - Playlist 'Estudos' referencia usuário inexistente 'Não informado'.
 - Playlist 'Chill' referencia usuário inexistente 'Não informado'.
[2025-10-06 20:42:57] Fonte: C:\Git_hub\Streaming_POD_Rafael_Sofia\config\Exemplo Entrada - 2.md
WARNINGS:
 - Usuário duplicado 'Ana'. Mantendo o primeiro e ignorando o duplicado.
 - Duração inválida para música 'Shape of You': '-240'. Ignorada (strict=False).
 - Episódio inválido em 'Inteligência Artificial Hoje': 'quinze'. Usando 0.
 - Duração inválida para podcast 'Cinema em Debate': '0'. Ignorado (strict=False).
 - Playlist 'Relax' tem itens repetidos: ['Shape of You']. Mantendo uma ocorrência de cada.
 - Playlist 'Favoritas' referencia usuário inexistente 'Não informado'.
 - Playlist 'Treino' referencia usuário inexistente 'Não informado'.
 - Playlist 'Relax' referencia usuário inexistente 'Não informado'.
 - Playlist 'Chill' referencia usuário inexistente 'Não informado'.
[2025-10-06 20:43:15] Fonte: C:\Git_hub\Streaming_POD_Rafael_Sofia\config\Exemplo Entrada - 1.md
WARNINGS:
 - Playlist 'Favoritas' referencia usuário inexistente 'Não informado'.
 - Playlist 'Treino' referencia usuário inexistente 'Não informado'.
 - Playlist 'Relax' referencia usuário inexistente 'Não informado'.
 - Playlist 'Estudos' referencia usuário inexistente 'Não informado'.
 - Playlist 'Chill' referencia usuário inexistente 'Não informado'.
[2025-10-06 20:43:15] Fonte: C:\Git_hub\Streaming_POD_Rafael_Sofia\config\Exemplo Entrada - 2.md
WARNINGS:
 - Usuário duplicado 'Ana'. Mantendo o primeiro e ignorando o duplicado.
 - Duração inválida para música 'Shape of You': '-240'. Ignorada (strict=False).
 - Episódio inválido em 'Inteligência Artificial Hoje': 'quinze'. Usando 0.
 - Duração inválida para podcast 'Cinema em Debate': '0'. Ignorado (strict=False).
 - Playlist 'Relax' tem itens repetidos: ['Shape of You']. Mantendo uma ocorrência de cada.
 - Playlist 'Favoritas' referencia usuário inexistente 'Não informado'.
 - Playlist 'Treino' referencia usuário inexistente 'Não informado'.
 - Playlist 'Relax' referencia usuário inexistente 'Não informado'.
 - Playlist 'Chill' referencia usuário inexistente 'Não informado'.
[2025-10-06 20:43:50] Fonte: C:\Git_hub\Streaming_POD_Rafael_Sofia\config\Exemplo Entrada - 1.md
WARNINGS:
 - Playlist 'Favoritas' referencia usuário inexistente 'Não informado'.
 - Playlist 'Treino' referencia usuário inexistente 'Não informado'.
 - Playlist 'Relax' referencia usuário inexistente 'Não informado'.
 - Playlist 'Estudos' referencia usuário inexistente 'Não informado'.
 - Playlist 'Chill' referencia usuário inexistente 'Não informado'.
[2025-10-06 20:43:50] Fonte: C:\Git_hub\Streaming_POD_Rafael_Sofia\config\Exemplo Entrada - 2.md
WARNINGS:
 - Usuário duplicado 'Ana'. Mantendo o primeiro e ignorando o duplicado.
 - Duração inválida para música 'Shape of You': '-240'. Ignorada (strict=False).
 - Episódio inválido em 'Inteligência Artificial Hoje': 'quinze'. Usando 0.
 - Duração inválida para podcast 'Cinema em Debate': '0'. Ignorado (strict=False).
 - Playlist 'Relax' tem itens repetidos: ['Shape of You']. Mantendo uma ocorrência de cada.
 - Playlist 'Favoritas' referencia usuário inexistente 'Não informado'.
 - Playlist 'Treino' referencia usuário inexistente 'Não informado'.
 - Playlist 'Relax' referencia usuário inexistente 'Não informado'.
 - Playlist 'Chill' referencia usuário inexistente 'Não informado'.
[2025-10-06 20:44:06] Fonte: C:\Git_hub\Streaming_POD_Rafael_Sofia\config\Exemplo Entrada - 1.md
WARNINGS:
 - Playlist 'Favoritas' referencia usuário inexistente 'Não informado'.
 - Playlist 'Treino' referencia usuário inexistente 'Não informado'.
 - Playlist 'Relax' referencia usuário inexistente 'Não informado'.
 - Playlist 'Estudos' referencia usuário inexistente 'Não informado'.
 - Playlist 'Chill' referencia usuário inexistente 'Não informado'.
[2025-10-06 20:44:06] Fonte: C:\Git_hub\Streaming_POD_Rafael_Sofia\config\Exemplo Entrada - 2.md
WARNINGS:
 - Usuário duplicado 'Ana'. Mantendo o primeiro e ignorando o duplicado.
 - Duração inválida para música 'Shape of You': '-240'. Ignorada (strict=False).
 - Episódio inválido em 'Inteligência Artificial Hoje': 'quinze'. Usando 0.
 - Duração inválida para podcast 'Cinema em Debate': '0'. Ignorado (strict=False).
 - Playlist 'Relax' tem itens repetidos: ['Shape of You']. Mantendo uma ocorrência de cada.
 - Playlist 'Favoritas' referencia usuário inexistente 'Não informado'.
 - Playlist 'Treino' referencia usuário inexistente 'Não informado'.
 - Playlist 'Relax' referencia usuário inexistente 'Não informado'.
 - Playlist 'Chill' referencia usuário inexistente 'Não informado'.
